<!DOCTYPE html>

<html>
<head>
    <title>TestNG reports</title>

    <link type="text/css" href="testng-reports.css" rel="stylesheet"/>
    <script type="text/javascript" src="jquery-1.7.1.min.js"></script>
    <script type="text/javascript" src="testng-reports.js"></script>
    <script type="text/javascript" src="https://www.google.com/jsapi"></script>
    <script type='text/javascript'>
      google.load('visualization', '1', {packages:['table']});
      google.setOnLoadCallback(drawTable);
      var suiteTableInitFunctions = new Array();
      var suiteTableData = new Array();


    </script>
    <!--
      <script type="text/javascript" src="jquery-ui/js/jquery-ui-1.8.16.custom.min.js"></script>
     -->
</head>

<body>
<div class="top-banner-root">
    <span class="top-banner-title-font">Test results</span>
    <br/>
    <span class="top-banner-font-1">1 suite, 1 failed test</span>
</div> <!-- top-banner-root -->
<div class="navigator-root">
    <div class="navigator-suite-header">
        <span>All suites</span>
        <a href="#" class="collapse-all-link" title="Collapse/expand all the suites">
            <img class="collapse-all-icon" src="collapseall.gif">
            </img> <!-- collapse-all-icon -->
        </a> <!-- collapse-all-link -->
    </div> <!-- navigator-suite-header -->
    <div class="suite">
        <div class="rounded-window">
            <div class="suite-header light-rounded-window-top">
                <a href="#" class="navigator-link" panel-name="suite-Ranzhi_Test_Suite">
                    <span class="suite-name border-failed">Ranzhi Test Suite</span>
                </a> <!-- navigator-link -->
            </div> <!-- suite-header light-rounded-window-top -->
            <div class="navigator-suite-content">
                <div class="suite-section-title">
                    <span>Info</span>
                </div> <!-- suite-section-title -->
                <div class="suite-section-content">
                    <ul>
                        <li>
                            <a href="#" class="navigator-link " panel-name="test-xml-Ranzhi_Test_Suite">
                                <span>D:\Git\WeekendSelenium\SealSelenium\testng.xml</span>
                            </a> <!-- navigator-link  -->
                        </li>
                        <li>
                            <a href="#" class="navigator-link " panel-name="testlist-Ranzhi_Test_Suite">
                                <span class="test-stats">1 test</span>
                            </a> <!-- navigator-link  -->
                        </li>
                        <li>
                            <a href="#" class="navigator-link " panel-name="group-Ranzhi_Test_Suite">
                                <span>0 groups</span>
                            </a> <!-- navigator-link  -->
                        </li>
                        <li>
                            <a href="#" class="navigator-link " panel-name="times-Ranzhi_Test_Suite">
                                <span>Times</span>
                            </a> <!-- navigator-link  -->
                        </li>
                        <li>
                            <a href="#" class="navigator-link " panel-name="reporter-Ranzhi_Test_Suite">
                                <span>Reporter output</span>
                            </a> <!-- navigator-link  -->
                        </li>
                        <li>
                            <a href="#" class="navigator-link " panel-name="ignored-methods-Ranzhi_Test_Suite">
                                <span>Ignored methods</span>
                            </a> <!-- navigator-link  -->
                        </li>
                        <li>
                            <a href="#" class="navigator-link " panel-name="chronological-Ranzhi_Test_Suite">
                                <span>Chronological view</span>
                            </a> <!-- navigator-link  -->
                        </li>
                    </ul>
                </div> <!-- suite-section-content -->
                <div class="result-section">
                    <div class="suite-section-title">
                        <span>Results</span>
                    </div> <!-- suite-section-title -->
                    <div class="suite-section-content">
                        <ul>
                            <li>
                                <span class="method-stats">1 method, 1 failed,   </span>
                            </li>
                            <li>
                                <span class="method-list-title failed">Failed methods</span>
                                <span class="show-or-hide-methods failed">
                      <a href="#" panel-name="suite-Ranzhi_Test_Suite"
                         class="hide-methods failed suite-Ranzhi_Test_Suite"> (hide)</a>
                                    <!-- hide-methods failed suite-Ranzhi_Test_Suite -->
                      <a href="#" panel-name="suite-Ranzhi_Test_Suite"
                         class="show-methods failed suite-Ranzhi_Test_Suite"> (show)</a>
                                    <!-- show-methods failed suite-Ranzhi_Test_Suite -->
                    </span>
                                <div class="method-list-content failed suite-Ranzhi_Test_Suite">
                      <span>
                        <img width="3%" src="failed.png"/>
                        <a href="#" class="method navigator-link" panel-name="suite-Ranzhi_Test_Suite"
                           title="RanzhiAdvancedTests" hash-for-method="testAddMember">testAddMember</a>
                          <!-- method navigator-link -->
                      </span>
                                    <br/>
                                </div> <!-- method-list-content failed suite-Ranzhi_Test_Suite -->
                            </li>
                        </ul>
                    </div> <!-- suite-section-content -->
                </div> <!-- result-section -->
            </div> <!-- navigator-suite-content -->
        </div> <!-- rounded-window -->
    </div> <!-- suite -->
</div> <!-- navigator-root -->
<div class="wrapper">
    <div class="main-panel-root">
        <div panel-name="suite-Ranzhi_Test_Suite" class="panel Ranzhi_Test_Suite">
            <div class="suite-Ranzhi_Test_Suite-class-failed">
                <div class="main-panel-header rounded-window-top">
                    <img src="failed.png"/>
                    <span class="class-name">RanzhiAdvancedTests</span>
                </div> <!-- main-panel-header rounded-window-top -->
                <div class="main-panel-content rounded-window-bottom">
                    <div class="method">
                        <div class="method-content">
                            <a name="testAddMember">
                            </a> <!-- testAddMember -->
                            <span class="method-name">testAddMember</span>
                            <div class="stack-trace"><b>"org.openqa.selenium.NoSuchElementException: Cannot locate
                                option with index: 8
                                For documentation on this error, please visit:
                                http://seleniumhq.org/exceptions/no_such_element.html
                                Build info: version: &apos;2.53.1&apos;, revision: &apos;a36b8b1cd5757287168e54b817830adce9b0158d&apos;,
                                time: &apos;2016-06-30 19:26:09&apos;
                                System info: host: &apos;LSLAPTOP&apos;, ip: &apos;192.168.102.1&apos;, os.name: &apos;Windows
                                10&apos;, os.arch: &apos;amd64&apos;, os.version: &apos;10.0&apos;, java.version: &apos;1.8.0_66&apos;
                                Driver info: driver.version: BoxDriver
                                at org.openqa.selenium.support.ui.Select.selectByIndex(Select.java:182)
                                at BoxDriver.selectByIndex(BoxDriver.java:204)
                                at RanzhiCommon.addMemberData(RanzhiCommon.java:168)
                                at RanzhiAdvancedTests.testAddMember(RanzhiAdvancedTests.java:111)
                                at sun.reflect.NativeMethodAccessorImpl.invoke0(Native Method)
                                at sun.reflect.NativeMethodAccessorImpl.invoke(NativeMethodAccessorImpl.java:62)
                                at sun.reflect.DelegatingMethodAccessorImpl.invoke(DelegatingMethodAccessorImpl.java:43)
                                at java.lang.reflect.Method.invoke(Method.java:497)
                                at
                                org.testng.internal.MethodInvocationHelper.invokeMethod(MethodInvocationHelper.java:80)
                                at org.testng.internal.Invoker.invokeMethod(Invoker.java:714)
                                at org.testng.internal.Invoker.invokeTestMethod(Invoker.java:901)
                                at org.testng.internal.Invoker.invokeTestMethods(Invoker.java:1231)
                                at org.testng.internal.TestMethodWorker.invokeTestMethods(TestMethodWorker.java:127)
                                at org.testng.internal.TestMethodWorker.run(TestMethodWorker.java:111)
                                at org.testng.TestRunner.privateRun(TestRunner.java:767)
                                at org.testng.TestRunner.run(TestRunner.java:617)
                                at org.testng.SuiteRunner.runTest(SuiteRunner.java:334)
                                at org.testng.SuiteRunner.runSequentially(SuiteRunner.java:329)
                                at org.testng.SuiteRunner.privateRun(SuiteRunner.java:291)
                                at org.testng.SuiteRunner.run(SuiteRunner.java:240)
                                at org.testng.SuiteRunnerWorker.runSuite(SuiteRunnerWorker.java:52)
                                at org.testng.SuiteRunnerWorker.run(SuiteRunnerWorker.java:86)
                                at org.testng.TestNG.runSuitesSequentially(TestNG.java:1198)
                                at org.testng.TestNG.runSuitesLocally(TestNG.java:1123)
                                at org.testng.TestNG.run(TestNG.java:1031)
                                at Main.main(Main.java:15)
                                at sun.reflect.NativeMethodAccessorImpl.invoke0(Native Method)
                                at sun.reflect.NativeMethodAccessorImpl.invoke(NativeMethodAccessorImpl.java:62)
                                at sun.reflect.DelegatingMethodAccessorImpl.invoke(DelegatingMethodAccessorImpl.java:43)
                                at java.lang.reflect.Method.invoke(Method.java:497)
                                at com.intellij.rt.execution.application.AppMain.main(AppMain.java:147)
                                <br/> org.openqa.selenium.NoSuchElementException: Cannot locate option with index: 8
                                For documentation on this error, please visit:
                                http://seleniumhq.org/exceptions/no_such_element.html
                                Build info: version: &apos;2.53.1&apos;, revision: &apos;a36b8b1cd5757287168e54b817830adce9b0158d&apos;,
                                time: &apos;2016-06-30 19:26:09&apos;
                                System info: host: &apos;LSLAPTOP&apos;, ip: &apos;192.168.102.1&apos;, os.name: &apos;Windows
                                10&apos;, os.arch: &apos;amd64&apos;, os.version: &apos;10.0&apos;, java.version: &apos;1.8.0_66&apos;
                                Driver info: driver.version: BoxDriver
                                at org.openqa.selenium.support.ui.Select.selectByIndex(Select.java:182)
                                at BoxDriver.selectByIndex(BoxDriver.java:204)
                                at RanzhiCommon.addMemberData(RanzhiCommon.java:168)
                                at RanzhiAdvancedTests.testAddMember(RanzhiAdvancedTests.java:111)
                                at sun.reflect.NativeMethodAccessorImpl.invoke0(Native Method)
                                at sun.reflect.NativeMethodAccessorImpl.invoke(NativeMethodAccessorImpl.java:62)
                                at sun.reflect.DelegatingMethodAccessorImpl.invoke(DelegatingMethodAccessorImpl.java:43)
                                at java.lang.reflect.Method.invoke(Method.java:497)
                                at
                                org.testng.internal.MethodInvocationHelper.invokeMethod(MethodInvocationHelper.java:80)
                                at org.testng.internal.Invoker.invokeMethod(Invoker.java:714)
                                at org.testng.internal.Invoker.invokeTestMethod(Invoker.java:901)
                                at org.testng.internal.Invoker.invokeTestMethods(Invoker.java:1231)
                                at org.testng.internal.TestMethodWorker.invokeTestMethods(TestMethodWorker.java:127)
                                at org.testng.internal.TestMethodWorker.run(TestMethodWorker.java:111)
                                at org.testng.TestRunner.privateRun(TestRunner.java:767)
                                at org.testng.TestRunner.run(TestRunner.java:617)
                                at org.testng.SuiteRunner.runTest(SuiteRunner.java:334)
                                at org.testng.SuiteRunner.runSequentially(SuiteRunner.java:329)
                                at org.testng.SuiteRunner.privateRun(SuiteRunner.java:291)
                                at org.testng.SuiteRunner.run(SuiteRunner.java:240)
                                at org.testng.SuiteRunnerWorker.runSuite(SuiteRunnerWorker.java:52)
                                at org.testng.SuiteRunnerWorker.run(SuiteRunnerWorker.java:86)
                                at org.testng.TestNG.runSuitesSequentially(TestNG.java:1198)
                                at org.testng.TestNG.runSuitesLocally(TestNG.java:1123)
                                at org.testng.TestNG.run(TestNG.java:1031)
                                at Main.main(Main.java:15)
                                at sun.reflect.NativeMethodAccessorImpl.invoke0(Native Method)
                                at sun.reflect.NativeMethodAccessorImpl.invoke(NativeMethodAccessorImpl.java:62)
                                at sun.reflect.DelegatingMethodAccessorImpl.invoke(DelegatingMethodAccessorImpl.java:43)
                                at java.lang.reflect.Method.invoke(Method.java:497)
                                at com.intellij.rt.execution.application.AppMain.main(AppMain.java:147)
                                "</b><br>org.openqa.selenium.support.ui.Select.selectByIndex(Select.java:182)<br>BoxDriver.selectByIndex(BoxDriver.java:204)<br>RanzhiCommon.addMemberData(RanzhiCommon.java:168)<br>RanzhiAdvancedTests.testAddMember(RanzhiAdvancedTests.java:111)<br>sun.reflect.NativeMethodAccessorImpl.invoke0(Native
                                Method)<br>sun.reflect.NativeMethodAccessorImpl.invoke(NativeMethodAccessorImpl.java:62)<br>sun.reflect.DelegatingMethodAccessorImpl.invoke(DelegatingMethodAccessorImpl.java:43)<br>java.lang.reflect.Method.invoke(Method.java:497)<br>org.testng.internal.MethodInvocationHelper.invokeMethod(MethodInvocationHelper.java:80)<br>org.testng.internal.Invoker.invokeMethod(Invoker.java:714)<br>org.testng.internal.Invoker.invokeTestMethod(Invoker.java:901)<br>org.testng.internal.Invoker.invokeTestMethods(Invoker.java:1231)<br>org.testng.internal.TestMethodWorker.invokeTestMethods(TestMethodWorker.java:127)<br>org.testng.internal.TestMethodWorker.run(TestMethodWorker.java:111)<br>org.testng.TestRunner.privateRun(TestRunner.java:767)<br>org.testng.TestRunner.run(TestRunner.java:617)<br>org.testng.SuiteRunner.runTest(SuiteRunner.java:334)<br>org.testng.SuiteRunner.runSequentially(SuiteRunner.java:329)<br>org.testng.SuiteRunner.privateRun(SuiteRunner.java:291)<br>org.testng.SuiteRunner.run(SuiteRunner.java:240)<br>org.testng.SuiteRunnerWorker.runSuite(SuiteRunnerWorker.java:52)<br>org.testng.SuiteRunnerWorker.run(SuiteRunnerWorker.java:86)<br>org.testng.TestNG.runSuitesSequentially(TestNG.java:1198)<br>org.testng.TestNG.runSuitesLocally(TestNG.java:1123)<br>org.testng.TestNG.run(TestNG.java:1031)<br>Main.main(Main.java:15)<br>sun.reflect.NativeMethodAccessorImpl.invoke0(Native
                                Method)<br>sun.reflect.NativeMethodAccessorImpl.invoke(NativeMethodAccessorImpl.java:62)<br>sun.reflect.DelegatingMethodAccessorImpl.invoke(DelegatingMethodAccessorImpl.java:43)<br>java.lang.reflect.Method.invoke(Method.java:497)<br>com.intellij.rt.execution.application.AppMain.main(AppMain.java:147)<br>
                            </div> <!-- stack-trace -->
                        </div> <!-- method-content -->
                    </div> <!-- method -->
                </div> <!-- main-panel-content rounded-window-bottom -->
            </div> <!-- suite-Ranzhi_Test_Suite-class-failed -->
        </div> <!-- panel Ranzhi_Test_Suite -->
        <div panel-name="test-xml-Ranzhi_Test_Suite" class="panel">
            <div class="main-panel-header rounded-window-top">
                <span class="header-content">D:\Git\WeekendSelenium\SealSelenium\testng.xml</span>
            </div> <!-- main-panel-header rounded-window-top -->
            <div class="main-panel-content rounded-window-bottom">
            <pre>
&lt;?xml version=&quot;1.0&quot; encoding=&quot;UTF-8&quot;?&gt;
&lt;!DOCTYPE suite SYSTEM &quot;http://testng.org/testng-1.0.dtd&quot;&gt;
&lt;suite verbose=&quot;3&quot; name=&quot;Ranzhi Test Suite&quot;&gt;
  &lt;listeners&gt;
    &lt;listener class-name=&quot;ExtentReporterNgListener&quot;/&gt;
  &lt;/listeners&gt;
  &lt;test name=&quot;Ranzhi tests&quot;&gt;
    &lt;classes&gt;
      &lt;class name=&quot;RanzhiAdvancedTests&quot;&gt;
        &lt;methods&gt;
          &lt;include name=&quot;testAddMember&quot;/&gt;
        &lt;/methods&gt;
      &lt;/class&gt; &lt;!-- RanzhiAdvancedTests --&gt;
    &lt;/classes&gt;
  &lt;/test&gt; &lt;!-- Ranzhi tests --&gt;
&lt;/suite&gt; &lt;!-- Ranzhi Test Suite --&gt;
            </pre>
            </div> <!-- main-panel-content rounded-window-bottom -->
        </div> <!-- panel -->
        <div panel-name="testlist-Ranzhi_Test_Suite" class="panel">
            <div class="main-panel-header rounded-window-top">
                <span class="header-content">Tests for Ranzhi Test Suite</span>
            </div> <!-- main-panel-header rounded-window-top -->
            <div class="main-panel-content rounded-window-bottom">
                <ul>
                    <li>
                        <span class="test-name">Ranzhi tests (1 class)</span>
                    </li>
                </ul>
            </div> <!-- main-panel-content rounded-window-bottom -->
        </div> <!-- panel -->
        <div panel-name="group-Ranzhi_Test_Suite" class="panel">
            <div class="main-panel-header rounded-window-top">
                <span class="header-content">Groups for Ranzhi Test Suite</span>
            </div> <!-- main-panel-header rounded-window-top -->
            <div class="main-panel-content rounded-window-bottom">
            </div> <!-- main-panel-content rounded-window-bottom -->
        </div> <!-- panel -->
        <div panel-name="times-Ranzhi_Test_Suite" class="panel">
            <div class="main-panel-header rounded-window-top">
                <span class="header-content">Times for Ranzhi Test Suite</span>
            </div> <!-- main-panel-header rounded-window-top -->
            <div class="main-panel-content rounded-window-bottom">
                <div class="times-div">
                    <script type="text/javascript">
suiteTableInitFunctions.push('tableData_Ranzhi_Test_Suite');
function tableData_Ranzhi_Test_Suite() {
var data = new google.visualization.DataTable();
data.addColumn('number', 'Number');
data.addColumn('string', 'Method');
data.addColumn('string', 'Class');
data.addColumn('number', 'Time (ms)');
data.addRows(1);
data.setCell(0, 0, 0)
data.setCell(0, 1, 'testAddMember')
data.setCell(0, 2, 'RanzhiAdvancedTests')
data.setCell(0, 3, 12075);
window.suiteTableData['Ranzhi_Test_Suite']= { tableData: data, tableDiv: 'times-div-Ranzhi_Test_Suite'}
return data;
}


                    </script>
                    <span class="suite-total-time">Total running time: 12 seconds</span>
                    <div id="times-div-Ranzhi_Test_Suite">
                    </div> <!-- times-div-Ranzhi_Test_Suite -->
                </div> <!-- times-div -->
            </div> <!-- main-panel-content rounded-window-bottom -->
        </div> <!-- panel -->
        <div panel-name="reporter-Ranzhi_Test_Suite" class="panel">
            <div class="main-panel-header rounded-window-top">
                <span class="header-content">Reporter output for Ranzhi Test Suite</span>
            </div> <!-- main-panel-header rounded-window-top -->
            <div class="main-panel-content rounded-window-bottom">
            </div> <!-- main-panel-content rounded-window-bottom -->
        </div> <!-- panel -->
        <div panel-name="ignored-methods-Ranzhi_Test_Suite" class="panel">
            <div class="main-panel-header rounded-window-top">
                <span class="header-content">0 ignored methods</span>
            </div> <!-- main-panel-header rounded-window-top -->
            <div class="main-panel-content rounded-window-bottom">
            </div> <!-- main-panel-content rounded-window-bottom -->
        </div> <!-- panel -->
        <div panel-name="chronological-Ranzhi_Test_Suite" class="panel">
            <div class="main-panel-header rounded-window-top">
                <span class="header-content">Methods in chronological order</span>
            </div> <!-- main-panel-header rounded-window-top -->
            <div class="main-panel-content rounded-window-bottom">
                <div class="chronological-class">
                    <div class="chronological-class-name">RanzhiAdvancedTests</div> <!-- chronological-class-name -->
                    <div class="configuration-test before">
                        <span class="method-name">setUp</span>
                        <span class="method-start">0 ms</span>
                    </div> <!-- configuration-test before -->
                    <div class="test-method">
                        <img src="failed.png">
                        </img>
                        <span class="method-name">testAddMember</span>
                        <span class="method-start">7135 ms</span>
                    </div> <!-- test-method -->
                    <div class="configuration-test after">
                        <span class="method-name">tearDown</span>
                        <span class="method-start">19211 ms</span>
                    </div> <!-- configuration-test after -->
                </div> <!-- main-panel-content rounded-window-bottom -->
            </div> <!-- panel -->
        </div> <!-- main-panel-root -->
    </div> <!-- wrapper -->
</body>
</html>
